#
# A fatal error has been detected by the Java Runtime Environment:
#
#  Internal Error (./open/src/hotspot/share/interpreter/oopMapCache.cpp:111), pid=2180, tid=18236
#  Error: ShouldNotReachHere()
#
# JRE version: Java(TM) SE Runtime Environment (14.0.1+7) (build 14.0.1+7)
# Java VM: Java HotSpot(TM) 64-Bit Server VM (14.0.1+7, mixed mode, sharing, tiered, compressed oops, g1 gc, windows-amd64)
# No core dump will be written. Minidumps are not enabled by default on client versions of Windows
#
# If you would like to submit a bug report, please visit:
#   https://bugreport.java.com/bugreport/crash.jsp
#

---------------  S U M M A R Y ------------

Command Line: -agentlib:jdwp=transport=dt_socket,suspend=y,address=localhost:63420 -javaagent:C:\Users\sadguna\.eclipse\org.eclipse.platform_4.16.0_1709980481_win32_win32_x86_64\configuration\org.eclipse.osgi\222\0\.cp\lib\javaagent-shaded.jar -Dfile.encoding=Cp1252 interviewMinimumarray

Host: Intel(R) Core(TM) i3-7020U CPU @ 2.30GHz, 4 cores, 7G,  Windows 10 , 64 bit Build 18362 (10.0.18362.900)
Time: Sun Jul 26 15:46:47 2020 India Standard Time elapsed time: 7816 seconds (0d 2h 10m 16s)

---------------  T H R E A D  ---------------

Current thread (0x00000194e2519800):  JavaThread "JDWP Transport Listener: dt_socket" daemon [_thread_in_vm, id=18236, stack(0x0000005204100000,0x0000005204200000)]

Stack: [0x0000005204100000,0x0000005204200000]
Native frames: (J=compiled Java code, j=interpreted, Vv=VM code, C=native code)
V  [jvm.dll+0x5f840a]
V  [jvm.dll+0x741e4a]
V  [jvm.dll+0x7435ff]
V  [jvm.dll+0x743bf7]
V  [jvm.dll+0x20d20c]
V  [jvm.dll+0x20d173]
V  [jvm.dll+0x5e754f]
V  [jvm.dll+0x5e72ad]
V  [jvm.dll+0x5af2b3]
V  [jvm.dll+0x7394bf]
V  [jvm.dll+0x4bee71]
V  [jvm.dll+0x748a5b]
V  [jvm.dll+0x4a54fe]
V  [jvm.dll+0x46ee8b]
C  [jdwp.dll+0x7bbc]


---------------  P R O C E S S  ---------------

Threads class SMR info:
_java_thread_list=0x00000194e2644070, length=14, elements={
0x00000194c329c000, 0x00000194e1a6d800, 0x00000194e1a6f800, 0x00000194e1a8d800,
0x00000194e1a91800, 0x00000194e1a92000, 0x00000194e1aa4800, 0x00000194e1aa7000,
0x00000194e1ab2000, 0x00000194e1a53800, 0x00000194e2519800, 0x00000194e25ae800,
0x00000194e25b0000, 0x00000194e265e000
}

Java Threads: ( => current thread )
  0x00000194c329c000 JavaThread "main" [_thread_blocked, id=17268, stack(0x0000005203100000,0x0000005203200000)]
  0x00000194e1a6d800 JavaThread "Reference Handler" daemon [_thread_blocked, id=6308, stack(0x0000005203800000,0x0000005203900000)]
  0x00000194e1a6f800 JavaThread "Finalizer" daemon [_thread_blocked, id=12804, stack(0x0000005203900000,0x0000005203a00000)]
  0x00000194e1a8d800 JavaThread "Signal Dispatcher" daemon [_thread_blocked, id=12348, stack(0x0000005203a00000,0x0000005203b00000)]
  0x00000194e1a91800 JavaThread "Attach Listener" daemon [_thread_blocked, id=9408, stack(0x0000005203b00000,0x0000005203c00000)]
  0x00000194e1a92000 JavaThread "Service Thread" daemon [_thread_blocked, id=6564, stack(0x0000005203c00000,0x0000005203d00000)]
  0x00000194e1aa4800 JavaThread "C2 CompilerThread0" daemon [_thread_blocked, id=792, stack(0x0000005203d00000,0x0000005203e00000)]
  0x00000194e1aa7000 JavaThread "C1 CompilerThread0" daemon [_thread_blocked, id=23128, stack(0x0000005203e00000,0x0000005203f00000)]
  0x00000194e1ab2000 JavaThread "Sweeper thread" daemon [_thread_blocked, id=17212, stack(0x0000005203f00000,0x0000005204000000)]
  0x00000194e1a53800 JavaThread "Common-Cleaner" daemon [_thread_blocked, id=19716, stack(0x0000005204000000,0x0000005204100000)]
=>0x00000194e2519800 JavaThread "JDWP Transport Listener: dt_socket" daemon [_thread_in_vm, id=18236, stack(0x0000005204100000,0x0000005204200000)]
  0x00000194e25ae800 JavaThread "JDWP Event Helper Thread" daemon [_thread_blocked, id=24492, stack(0x0000005204200000,0x0000005204300000)]
  0x00000194e25b0000 JavaThread "JDWP Command Reader" daemon [_thread_in_native, id=9356, stack(0x0000005204300000,0x0000005204400000)]
  0x00000194e265e000 JavaThread "Notification Thread" daemon [_thread_blocked, id=9728, stack(0x0000005204400000,0x0000005204500000)]

Other Threads:
  0x00000194e1a6b800 VMThread "VM Thread" [stack: 0x0000005203700000,0x0000005203800000] [id=17392]
  0x00000194e266a800 WatcherThread [stack: 0x0000005204500000,0x0000005204600000] [id=11040]
  0x00000194c32dd000 GCTaskThread "GC Thread#0" [stack: 0x0000005203200000,0x0000005203300000] [id=21548]
  0x00000194c32f1000 ConcurrentGCThread "G1 Main Marker" [stack: 0x0000005203300000,0x0000005203400000] [id=20092]
  0x00000194c32f2000 ConcurrentGCThread "G1 Conc#0" [stack: 0x0000005203400000,0x0000005203500000] [id=16576]
  0x00000194c336e000 ConcurrentGCThread "G1 Refine#0" [stack: 0x0000005203500000,0x0000005203600000] [id=18436]
  0x00000194e18e4800 ConcurrentGCThread "G1 Young RemSet Sampling" [stack: 0x0000005203600000,0x0000005203700000] [id=15876]

Threads with active compile tasks:

VM state:not at safepoint (normal execution)

VM Mutex/Monitor currently owned by a thread: None

Heap address: 0x0000000081400000, size: 2028 MB, Compressed Oops mode: 32-bit
Narrow klass base: 0x0000000800000000, Narrow klass shift: 3
Compressed class space size: 1073741824 Address: 0x0000000800b30000

Heap:
 garbage-first heap   total 131072K, used 4096K [0x0000000081400000, 0x0000000100000000)
  region size 1024K, 5 young (5120K), 0 survivors (0K)
 Metaspace       used 2688K, capacity 4845K, committed 5120K, reserved 1056768K
  class space    used 254K, capacity 443K, committed 512K, reserved 1048576K
Heap Regions: E=young(eden), S=young(survivor), O=old, HS=humongous(starts), HC=humongous(continues), CS=collection set, F=free, OA=open archive, CA=closed archive, TAMS=top-at-mark-start (previous, next)
|   0|0x0000000081400000, 0x0000000081400000, 0x0000000081500000|  0%| F|  |TAMS 0x0000000081400000, 0x0000000081400000| Untracked 
|   1|0x0000000081500000, 0x0000000081500000, 0x0000000081600000|  0%| F|  |TAMS 0x0000000081500000, 0x0000000081500000| Untracked 
|   2|0x0000000081600000, 0x0000000081600000, 0x0000000081700000|  0%| F|  |TAMS 0x0000000081600000, 0x0000000081600000| Untracked 
|   3|0x0000000081700000, 0x0000000081700000, 0x0000000081800000|  0%| F|  |TAMS 0x0000000081700000, 0x0000000081700000| Untracked 
|   4|0x0000000081800000, 0x0000000081800000, 0x0000000081900000|  0%| F|  |TAMS 0x0000000081800000, 0x0000000081800000| Untracked 
|   5|0x0000000081900000, 0x0000000081900000, 0x0000000081a00000|  0%| F|  |TAMS 0x0000000081900000, 0x0000000081900000| Untracked 
|   6|0x0000000081a00000, 0x0000000081a00000, 0x0000000081b00000|  0%| F|  |TAMS 0x0000000081a00000, 0x0000000081a00000| Untracked 
|   7|0x0000000081b00000, 0x0000000081b00000, 0x0000000081c00000|  0%| F|  |TAMS 0x0000000081b00000, 0x0000000081b00000| Untracked 
|   8|0x0000000081c00000, 0x0000000081c00000, 0x0000000081d00000|  0%| F|  |TAMS 0x0000000081c00000, 0x0000000081c00000| Untracked 
|   9|0x0000000081d00000, 0x0000000081d00000, 0x0000000081e00000|  0%| F|  |TAMS 0x0000000081d00000, 0x0000000081d00000| Untracked 
|  10|0x0000000081e00000, 0x0000000081e00000, 0x0000000081f00000|  0%| F|  |TAMS 0x0000000081e00000, 0x0000000081e00000| Untracked 
|  11|0x0000000081f00000, 0x0000000081f00000, 0x0000000082000000|  0%| F|  |TAMS 0x0000000081f00000, 0x0000000081f00000| Untracked 
|  12|0x0000000082000000, 0x0000000082000000, 0x0000000082100000|  0%| F|  |TAMS 0x0000000082000000, 0x0000000082000000| Untracked 
|  13|0x0000000082100000, 0x0000000082100000, 0x0000000082200000|  0%| F|  |TAMS 0x0000000082100000, 0x0000000082100000| Untracked 
|  14|0x0000000082200000, 0x0000000082200000, 0x0000000082300000|  0%| F|  |TAMS 0x0000000082200000, 0x0000000082200000| Untracked 
|  15|0x0000000082300000, 0x0000000082300000, 0x0000000082400000|  0%| F|  |TAMS 0x0000000082300000, 0x0000000082300000| Untracked 
|  16|0x0000000082400000, 0x0000000082400000, 0x0000000082500000|  0%| F|  |TAMS 0x0000000082400000, 0x0000000082400000| Untracked 
|  17|0x0000000082500000, 0x0000000082500000, 0x0000000082600000|  0%| F|  |TAMS 0x0000000082500000, 0x0000000082500000| Untracked 
|  18|0x0000000082600000, 0x0000000082600000, 0x0000000082700000|  0%| F|  |TAMS 0x0000000082600000, 0x0000000082600000| Untracked 
|  19|0x0000000082700000, 0x0000000082700000, 0x0000000082800000|  0%| F|  |TAMS 0x0000000082700000, 0x0000000082700000| Untracked 
|  20|0x0000000082800000, 0x0000000082800000, 0x0000000082900000|  0%| F|  |TAMS 0x0000000082800000, 0x0000000082800000| Untracked 
|  21|0x0000000082900000, 0x0000000082900000, 0x0000000082a00000|  0%| F|  |TAMS 0x0000000082900000, 0x0000000082900000| Untracked 
|  22|0x0000000082a00000, 0x0000000082a00000, 0x0000000082b00000|  0%| F|  |TAMS 0x0000000082a00000, 0x0000000082a00000| Untracked 
|  23|0x0000000082b00000, 0x0000000082b00000, 0x0000000082c00000|  0%| F|  |TAMS 0x0000000082b00000, 0x0000000082b00000| Untracked 
|  24|0x0000000082c00000, 0x0000000082c00000, 0x0000000082d00000|  0%| F|  |TAMS 0x0000000082c00000, 0x0000000082c00000| Untracked 
|  25|0x0000000082d00000, 0x0000000082d00000, 0x0000000082e00000|  0%| F|  |TAMS 0x0000000082d00000, 0x0000000082d00000| Untracked 
|  26|0x0000000082e00000, 0x0000000082e00000, 0x0000000082f00000|  0%| F|  |TAMS 0x0000000082e00000, 0x0000000082e00000| Untracked 
|  27|0x0000000082f00000, 0x0000000082f00000, 0x0000000083000000|  0%| F|  |TAMS 0x0000000082f00000, 0x0000000082f00000| Untracked 
|  28|0x0000000083000000, 0x0000000083000000, 0x0000000083100000|  0%| F|  |TAMS 0x0000000083000000, 0x0000000083000000| Untracked 
|  29|0x0000000083100000, 0x0000000083100000, 0x0000000083200000|  0%| F|  |TAMS 0x0000000083100000, 0x0000000083100000| Untracked 
|  30|0x0000000083200000, 0x0000000083200000, 0x0000000083300000|  0%| F|  |TAMS 0x0000000083200000, 0x0000000083200000| Untracked 
|  31|0x0000000083300000, 0x0000000083300000, 0x0000000083400000|  0%| F|  |TAMS 0x0000000083300000, 0x0000000083300000| Untracked 
|  32|0x0000000083400000, 0x0000000083400000, 0x0000000083500000|  0%| F|  |TAMS 0x0000000083400000, 0x0000000083400000| Untracked 
|  33|0x0000000083500000, 0x0000000083500000, 0x0000000083600000|  0%| F|  |TAMS 0x0000000083500000, 0x0000000083500000| Untracked 
|  34|0x0000000083600000, 0x0000000083600000, 0x0000000083700000|  0%| F|  |TAMS 0x0000000083600000, 0x0000000083600000| Untracked 
|  35|0x0000000083700000, 0x0000000083700000, 0x0000000083800000|  0%| F|  |TAMS 0x0000000083700000, 0x0000000083700000| Untracked 
|  36|0x0000000083800000, 0x0000000083800000, 0x0000000083900000|  0%| F|  |TAMS 0x0000000083800000, 0x0000000083800000| Untracked 
|  37|0x0000000083900000, 0x0000000083900000, 0x0000000083a00000|  0%| F|  |TAMS 0x0000000083900000, 0x0000000083900000| Untracked 
|  38|0x0000000083a00000, 0x0000000083a00000, 0x0000000083b00000|  0%| F|  |TAMS 0x0000000083a00000, 0x0000000083a00000| Untracked 
|  39|0x0000000083b00000, 0x0000000083b00000, 0x0000000083c00000|  0%| F|  |TAMS 0x0000000083b00000, 0x0000000083b00000| Untracked 
|  40|0x0000000083c00000, 0x0000000083c00000, 0x0000000083d00000|  0%| F|  |TAMS 0x0000000083c00000, 0x0000000083c00000| Untracked 
|  41|0x0000000083d00000, 0x0000000083d00000, 0x0000000083e00000|  0%| F|  |TAMS 0x0000000083d00000, 0x0000000083d00000| Untracked 
|  42|0x0000000083e00000, 0x0000000083e00000, 0x0000000083f00000|  0%| F|  |TAMS 0x0000000083e00000, 0x0000000083e00000| Untracked 
|  43|0x0000000083f00000, 0x0000000083f00000, 0x0000000084000000|  0%| F|  |TAMS 0x0000000083f00000, 0x0000000083f00000| Untracked 
|  44|0x0000000084000000, 0x0000000084000000, 0x0000000084100000|  0%| F|  |TAMS 0x0000000084000000, 0x0000000084000000| Untracked 
|  45|0x0000000084100000, 0x0000000084100000, 0x0000000084200000|  0%| F|  |TAMS 0x0000000084100000, 0x0000000084100000| Untracked 
|  46|0x0000000084200000, 0x0000000084200000, 0x0000000084300000|  0%| F|  |TAMS 0x0000000084200000, 0x0000000084200000| Untracked 
|  47|0x0000000084300000, 0x0000000084300000, 0x0000000084400000|  0%| F|  |TAMS 0x0000000084300000, 0x0000000084300000| Untracked 
|  48|0x0000000084400000, 0x0000000084400000, 0x0000000084500000|  0%| F|  |TAMS 0x0000000084400000, 0x0000000084400000| Untracked 
|  49|0x0000000084500000, 0x0000000084500000, 0x0000000084600000|  0%| F|  |TAMS 0x0000000084500000, 0x0000000084500000| Untracked 
|  50|0x0000000084600000, 0x0000000084600000, 0x0000000084700000|  0%| F|  |TAMS 0x0000000084600000, 0x0000000084600000| Untracked 
|  51|0x0000000084700000, 0x0000000084700000, 0x0000000084800000|  0%| F|  |TAMS 0x0000000084700000, 0x0000000084700000| Untracked 
|  52|0x0000000084800000, 0x0000000084800000, 0x0000000084900000|  0%| F|  |TAMS 0x0000000084800000, 0x0000000084800000| Untracked 
|  53|0x0000000084900000, 0x0000000084900000, 0x0000000084a00000|  0%| F|  |TAMS 0x0000000084900000, 0x0000000084900000| Untracked 
|  54|0x0000000084a00000, 0x0000000084a00000, 0x0000000084b00000|  0%| F|  |TAMS 0x0000000084a00000, 0x0000000084a00000| Untracked 
|  55|0x0000000084b00000, 0x0000000084b00000, 0x0000000084c00000|  0%| F|  |TAMS 0x0000000084b00000, 0x0000000084b00000| Untracked 
|  56|0x0000000084c00000, 0x0000000084c00000, 0x0000000084d00000|  0%| F|  |TAMS 0x0000000084c00000, 0x0000000084c00000| Untracked 
|  57|0x0000000084d00000, 0x0000000084d00000, 0x0000000084e00000|  0%| F|  |TAMS 0x0000000084d00000, 0x0000000084d00000| Untracked 
|  58|0x0000000084e00000, 0x0000000084e00000, 0x0000000084f00000|  0%| F|  |TAMS 0x0000000084e00000, 0x0000000084e00000| Untracked 
|  59|0x0000000084f00000, 0x0000000084f00000, 0x0000000085000000|  0%| F|  |TAMS 0x0000000084f00000, 0x0000000084f00000| Untracked 
|  60|0x0000000085000000, 0x0000000085000000, 0x0000000085100000|  0%| F|  |TAMS 0x0000000085000000, 0x0000000085000000| Untracked 
|  61|0x0000000085100000, 0x0000000085100000, 0x0000000085200000|  0%| F|  |TAMS 0x0000000085100000, 0x0000000085100000| Untracked 
|  62|0x0000000085200000, 0x0000000085200000, 0x0000000085300000|  0%| F|  |TAMS 0x0000000085200000, 0x0000000085200000| Untracked 
|  63|0x0000000085300000, 0x0000000085300000, 0x0000000085400000|  0%| F|  |TAMS 0x0000000085300000, 0x0000000085300000| Untracked 
|  64|0x0000000085400000, 0x0000000085400000, 0x0000000085500000|  0%| F|  |TAMS 0x0000000085400000, 0x0000000085400000| Untracked 
|  65|0x0000000085500000, 0x0000000085500000, 0x0000000085600000|  0%| F|  |TAMS 0x0000000085500000, 0x0000000085500000| Untracked 
|  66|0x0000000085600000, 0x0000000085600000, 0x0000000085700000|  0%| F|  |TAMS 0x0000000085600000, 0x0000000085600000| Untracked 
|  67|0x0000000085700000, 0x0000000085700000, 0x0000000085800000|  0%| F|  |TAMS 0x0000000085700000, 0x0000000085700000| Untracked 
|  68|0x0000000085800000, 0x0000000085800000, 0x0000000085900000|  0%| F|  |TAMS 0x0000000085800000, 0x0000000085800000| Untracked 
|  69|0x0000000085900000, 0x0000000085900000, 0x0000000085a00000|  0%| F|  |TAMS 0x0000000085900000, 0x0000000085900000| Untracked 
|  70|0x0000000085a00000, 0x0000000085a00000, 0x0000000085b00000|  0%| F|  |TAMS 0x0000000085a00000, 0x0000000085a00000| Untracked 
|  71|0x0000000085b00000, 0x0000000085b00000, 0x0000000085c00000|  0%| F|  |TAMS 0x0000000085b00000, 0x0000000085b00000| Untracked 
|  72|0x0000000085c00000, 0x0000000085c00000, 0x0000000085d00000|  0%| F|  |TAMS 0x0000000085c00000, 0x0000000085c00000| Untracked 
|  73|0x0000000085d00000, 0x0000000085d00000, 0x0000000085e00000|  0%| F|  |TAMS 0x0000000085d00000, 0x0000000085d00000| Untracked 
|  74|0x0000000085e00000, 0x0000000085e00000, 0x0000000085f00000|  0%| F|  |TAMS 0x0000000085e00000, 0x0000000085e00000| Untracked 
|  75|0x0000000085f00000, 0x0000000085f00000, 0x0000000086000000|  0%| F|  |TAMS 0x0000000085f00000, 0x0000000085f00000| Untracked 
|  76|0x0000000086000000, 0x0000000086000000, 0x0000000086100000|  0%| F|  |TAMS 0x0000000086000000, 0x0000000086000000| Untracked 
|  77|0x0000000086100000, 0x0000000086100000, 0x0000000086200000|  0%| F|  |TAMS 0x0000000086100000, 0x0000000086100000| Untracked 
|  78|0x0000000086200000, 0x0000000086200000, 0x0000000086300000|  0%| F|  |TAMS 0x0000000086200000, 0x0000000086200000| Untracked 
|  79|0x0000000086300000, 0x0000000086300000, 0x0000000086400000|  0%| F|  |TAMS 0x0000000086300000, 0x0000000086300000| Untracked 
|  80|0x0000000086400000, 0x0000000086400000, 0x0000000086500000|  0%| F|  |TAMS 0x0000000086400000, 0x0000000086400000| Untracked 
|  81|0x0000000086500000, 0x0000000086500000, 0x0000000086600000|  0%| F|  |TAMS 0x0000000086500000, 0x0000000086500000| Untracked 
|  82|0x0000000086600000, 0x0000000086600000, 0x0000000086700000|  0%| F|  |TAMS 0x0000000086600000, 0x0000000086600000| Untracked 
|  83|0x0000000086700000, 0x0000000086700000, 0x0000000086800000|  0%| F|  |TAMS 0x0000000086700000, 0x0000000086700000| Untracked 
|  84|0x0000000086800000, 0x0000000086800000, 0x0000000086900000|  0%| F|  |TAMS 0x0000000086800000, 0x0000000086800000| Untracked 
|  85|0x0000000086900000, 0x0000000086900000, 0x0000000086a00000|  0%| F|  |TAMS 0x0000000086900000, 0x0000000086900000| Untracked 
|  86|0x0000000086a00000, 0x0000000086a00000, 0x0000000086b00000|  0%| F|  |TAMS 0x0000000086a00000, 0x0000000086a00000| Untracked 
|  87|0x0000000086b00000, 0x0000000086b00000, 0x0000000086c00000|  0%| F|  |TAMS 0x0000000086b00000, 0x0000000086b00000| Untracked 
|  88|0x0000000086c00000, 0x0000000086c00000, 0x0000000086d00000|  0%| F|  |TAMS 0x0000000086c00000, 0x0000000086c00000| Untracked 
|  89|0x0000000086d00000, 0x0000000086d00000, 0x0000000086e00000|  0%| F|  |TAMS 0x0000000086d00000, 0x0000000086d00000| Untracked 
|  90|0x0000000086e00000, 0x0000000086e00000, 0x0000000086f00000|  0%| F|  |TAMS 0x0000000086e00000, 0x0000000086e00000| Untracked 
|  91|0x0000000086f00000, 0x0000000086f00000, 0x0000000087000000|  0%| F|  |TAMS 0x0000000086f00000, 0x0000000086f00000| Untracked 
|  92|0x0000000087000000, 0x0000000087000000, 0x0000000087100000|  0%| F|  |TAMS 0x0000000087000000, 0x0000000087000000| Untracked 
|  93|0x0000000087100000, 0x0000000087100000, 0x0000000087200000|  0%| F|  |TAMS 0x0000000087100000, 0x0000000087100000| Untracked 
|  94|0x0000000087200000, 0x0000000087200000, 0x0000000087300000|  0%| F|  |TAMS 0x0000000087200000, 0x0000000087200000| Untracked 
|  95|0x0000000087300000, 0x0000000087300000, 0x0000000087400000|  0%| F|  |TAMS 0x0000000087300000, 0x0000000087300000| Untracked 
|  96|0x0000000087400000, 0x0000000087400000, 0x0000000087500000|  0%| F|  |TAMS 0x0000000087400000, 0x0000000087400000| Untracked 
|  97|0x0000000087500000, 0x0000000087500000, 0x0000000087600000|  0%| F|  |TAMS 0x0000000087500000, 0x0000000087500000| Untracked 
|  98|0x0000000087600000, 0x0000000087600000, 0x0000000087700000|  0%| F|  |TAMS 0x0000000087600000, 0x0000000087600000| Untracked 
|  99|0x0000000087700000, 0x0000000087700000, 0x0000000087800000|  0%| F|  |TAMS 0x0000000087700000, 0x0000000087700000| Untracked 
| 100|0x0000000087800000, 0x0000000087800000, 0x0000000087900000|  0%| F|  |TAMS 0x0000000087800000, 0x0000000087800000| Untracked 
| 101|0x0000000087900000, 0x0000000087900000, 0x0000000087a00000|  0%| F|  |TAMS 0x0000000087900000, 0x0000000087900000| Untracked 
| 102|0x0000000087a00000, 0x0000000087a00000, 0x0000000087b00000|  0%| F|  |TAMS 0x0000000087a00000, 0x0000000087a00000| Untracked 
| 103|0x0000000087b00000, 0x0000000087b00000, 0x0000000087c00000|  0%| F|  |TAMS 0x0000000087b00000, 0x0000000087b00000| Untracked 
| 104|0x0000000087c00000, 0x0000000087c00000, 0x0000000087d00000|  0%| F|  |TAMS 0x0000000087c00000, 0x0000000087c00000| Untracked 
| 105|0x0000000087d00000, 0x0000000087d00000, 0x0000000087e00000|  0%| F|  |TAMS 0x0000000087d00000, 0x0000000087d00000| Untracked 
| 106|0x0000000087e00000, 0x0000000087e00000, 0x0000000087f00000|  0%| F|  |TAMS 0x0000000087e00000, 0x0000000087e00000| Untracked 
| 107|0x0000000087f00000, 0x0000000087f00000, 0x0000000088000000|  0%| F|  |TAMS 0x0000000087f00000, 0x0000000087f00000| Untracked 
| 108|0x0000000088000000, 0x0000000088000000, 0x0000000088100000|  0%| F|  |TAMS 0x0000000088000000, 0x0000000088000000| Untracked 
| 109|0x0000000088100000, 0x0000000088100000, 0x0000000088200000|  0%| F|  |TAMS 0x0000000088100000, 0x0000000088100000| Untracked 
| 110|0x0000000088200000, 0x0000000088200000, 0x0000000088300000|  0%| F|  |TAMS 0x0000000088200000, 0x0000000088200000| Untracked 
| 111|0x0000000088300000, 0x0000000088300000, 0x0000000088400000|  0%| F|  |TAMS 0x0000000088300000, 0x0000000088300000| Untracked 
| 112|0x0000000088400000, 0x0000000088400000, 0x0000000088500000|  0%| F|  |TAMS 0x0000000088400000, 0x0000000088400000| Untracked 
| 113|0x0000000088500000, 0x0000000088500000, 0x0000000088600000|  0%| F|  |TAMS 0x0000000088500000, 0x0000000088500000| Untracked 
| 114|0x0000000088600000, 0x0000000088600000, 0x0000000088700000|  0%| F|  |TAMS 0x0000000088600000, 0x0000000088600000| Untracked 
| 115|0x0000000088700000, 0x0000000088700000, 0x0000000088800000|  0%| F|  |TAMS 0x0000000088700000, 0x0000000088700000| Untracked 
| 116|0x0000000088800000, 0x0000000088800000, 0x0000000088900000|  0%| F|  |TAMS 0x0000000088800000, 0x0000000088800000| Untracked 
| 117|0x0000000088900000, 0x0000000088900000, 0x0000000088a00000|  0%| F|  |TAMS 0x0000000088900000, 0x0000000088900000| Untracked 
| 118|0x0000000088a00000, 0x0000000088a00000, 0x0000000088b00000|  0%| F|  |TAMS 0x0000000088a00000, 0x0000000088a00000| Untracked 
| 119|0x0000000088b00000, 0x0000000088b00000, 0x0000000088c00000|  0%| F|  |TAMS 0x0000000088b00000, 0x0000000088b00000| Untracked 
| 120|0x0000000088c00000, 0x0000000088c00000, 0x0000000088d00000|  0%| F|  |TAMS 0x0000000088c00000, 0x0000000088c00000| Untracked 
| 121|0x0000000088d00000, 0x0000000088d00000, 0x0000000088e00000|  0%| F|  |TAMS 0x0000000088d00000, 0x0000000088d00000| Untracked 
| 122|0x0000000088e00000, 0x0000000088e00000, 0x0000000088f00000|  0%| F|  |TAMS 0x0000000088e00000, 0x0000000088e00000| Untracked 
| 123|0x0000000088f00000, 0x0000000088fc9d60, 0x0000000089000000| 78%| E|  |TAMS 0x0000000088f00000, 0x0000000088f00000| Complete 
| 124|0x0000000089000000, 0x0000000089100000, 0x0000000089100000|100%| E|CS|TAMS 0x0000000089000000, 0x0000000089000000| Complete 
| 125|0x0000000089100000, 0x0000000089200000, 0x0000000089200000|100%| E|CS|TAMS 0x0000000089100000, 0x0000000089100000| Complete 
| 126|0x0000000089200000, 0x0000000089300000, 0x0000000089300000|100%| E|CS|TAMS 0x0000000089200000, 0x0000000089200000| Complete 
| 127|0x0000000089300000, 0x0000000089400000, 0x0000000089400000|100%| E|CS|TAMS 0x0000000089300000, 0x0000000089300000| Complete 

Card table byte_map: [0x00000194dae40000,0x00000194db240000] _byte_map_base: 0x00000194daa36000

Marking Bits (Prev, Next): (CMBitMap*) 0x00000194c32ddb98, (CMBitMap*) 0x00000194c32ddbd8
 Prev Bits: [0x00000194db640000, 0x00000194dd5f0000)
 Next Bits: [0x00000194dd5f0000, 0x00000194df5a0000)

Polling page: 0x00000194c1440000

Metaspace:

Usage:
  Non-class:      4.30 MB capacity,     2.38 MB ( 55%) used,     1.92 MB ( 45%) free+waste,     2.69 KB ( <1%) overhead. 
      Class:    443.00 KB capacity,   254.93 KB ( 58%) used,   186.51 KB ( 42%) free+waste,     1.56 KB ( <1%) overhead. 
       Both:      4.73 MB capacity,     2.63 MB ( 55%) used,     2.10 MB ( 44%) free+waste,     4.25 KB ( <1%) overhead. 

Virtual space:
  Non-class space:        8.00 MB reserved,       4.50 MB ( 56%) committed 
      Class space:        1.00 GB reserved,     512.00 KB ( <1%) committed 
             Both:        1.01 GB reserved,       5.00 MB ( <1%) committed 

Chunk freelists:
   Non-Class:  14.00 KB
       Class:  5.00 KB
        Both:  19.00 KB

MaxMetaspaceSize: 17179869184.00 GB
CompressedClassSpaceSize: 1.00 GB

CodeHeap 'non-profiled nmethods': size=120000Kb used=128Kb max_used=128Kb free=119871Kb
 bounds [0x00000194d3510000, 0x00000194d3780000, 0x00000194daa40000]
CodeHeap 'profiled nmethods': size=120000Kb used=593Kb max_used=593Kb free=119406Kb
 bounds [0x00000194cbfe0000, 0x00000194cc250000, 0x00000194d3510000]
CodeHeap 'non-nmethods': size=5760Kb used=1225Kb max_used=1243Kb free=4534Kb
 bounds [0x00000194cba40000, 0x00000194cbcb0000, 0x00000194cbfe0000]
 total_blobs=1179 nmethods=405 adapters=297
 compilation: enabled
              stopped_count=0, restarted_count=0
 full_count=0

Compilation events (20 events):
Event: 7112.035 Thread 0x00000194e1aa7000  401       3       java.lang.String::<init> (74 bytes)
Event: 7112.036 Thread 0x00000194e1aa7000 nmethod 401 0x00000194cc072190 code [0x00000194cc072380, 0x00000194cc072a38]
Event: 7112.036 Thread 0x00000194e1aa7000  402       3       java.lang.StringUTF16::compress (20 bytes)
Event: 7112.036 Thread 0x00000194e1aa7000 nmethod 402 0x00000194cc072d10 code [0x00000194cc072ec0, 0x00000194cc0730e8]
Event: 7679.393 Thread 0x00000194e1aa4800  403       4       org.eclipse.jdt.launching.internal.org.objectweb.asm.ClassReader::readUnsignedShort (26 bytes)
Event: 7679.394 Thread 0x00000194e1aa7000  404       3       org.eclipse.jdt.launching.internal.org.objectweb.asm.ClassReader::readUtf (44 bytes)
Event: 7679.394 Thread 0x00000194e1aa7000 nmethod 404 0x00000194cc073190 code [0x00000194cc073360, 0x00000194cc073848]
Event: 7679.399 Thread 0x00000194e1aa4800 

Event: 7723.221 Thread 0x00000194e1aa4800  405       4       org.eclipse.jdt.launching.internal.org.objectweb.asm.ClassReader::readUnsignedShort (26 bytes)
Event: 7723.221 Thread 0x00000194e1aa7000  406       3       java.lang.String::<init> (14 bytes)
Event: 7723.222 Thread 0x00000194e1aa7000 nmethod 406 0x00000194cc073a90 code [0x00000194cc073c40, 0x00000194cc073e58]
Event: 7723.222 Thread 0x00000194e1aa7000  408       3       org.eclipse.jdt.launching.internal.org.objectweb.asm.ClassReader::getItem (7 bytes)
Event: 7723.222 Thread 0x00000194e1aa7000 nmethod 408 0x00000194cc073f90 code [0x00000194cc074120, 0x00000194cc074278]
Event: 7723.222 Thread 0x00000194e1aa7000  407       3       java.lang.String::rangeCheck (9 bytes)
Event: 7723.224 Thread 0x00000194e1aa7000 

Event: 7723.224 Thread 0x00000194e1aa4800 

Event: 7796.760 Thread 0x00000194e1aa4800  409       4       org.eclipse.jdt.launching.internal.org.objectweb.asm.ClassReader::readUnsignedShort (26 bytes)
Event: 7796.760 Thread 0x00000194e1aa7000  410       3       org.eclipse.jdt.launching.internal.org.objectweb.asm.SymbolTable$Entry::<init> (17 bytes)
Event: 7796.760 Thread 0x00000194e1aa7000 nmethod 410 0x00000194cc074390 code [0x00000194cc074540, 0x00000194cc0746e8]
Event: 7796.763 Thread 0x00000194e1aa4800 


GC Heap History (0 events):
No events

Deoptimization events (20 events):
Event: 0.608 Thread 0x00000194c329c000 DEOPT PACKING pc=0x00000194cc057fcc sp=0x00000052031f8150
Event: 0.608 Thread 0x00000194c329c000 DEOPT UNPACKING pc=0x00000194cba8964e sp=0x00000052031f7618 mode 0
Event: 0.615 Thread 0x00000194c329c000 DEOPT PACKING pc=0x00000194cc057fcc sp=0x00000052031fbc30
Event: 0.615 Thread 0x00000194c329c000 DEOPT UNPACKING pc=0x00000194cba8964e sp=0x00000052031fb0f8 mode 0
Event: 0.615 Thread 0x00000194c329c000 DEOPT PACKING pc=0x00000194cc057fcc sp=0x00000052031fbc30
Event: 0.615 Thread 0x00000194c329c000 DEOPT UNPACKING pc=0x00000194cba8964e sp=0x00000052031fb0f8 mode 0
Event: 0.616 Thread 0x00000194c329c000 DEOPT PACKING pc=0x00000194cc057fcc sp=0x00000052031fbc30
Event: 0.616 Thread 0x00000194c329c000 DEOPT UNPACKING pc=0x00000194cba8964e sp=0x00000052031fb0f8 mode 0
Event: 0.623 Thread 0x00000194c329c000 DEOPT PACKING pc=0x00000194cc058201 sp=0x00000052031fbc30
Event: 0.623 Thread 0x00000194c329c000 DEOPT UNPACKING pc=0x00000194cba8964e sp=0x00000052031fb0f8 mode 0
Event: 0.637 Thread 0x00000194c329c000 DEOPT PACKING pc=0x00000194cc058201 sp=0x00000052031f7d40
Event: 0.637 Thread 0x00000194c329c000 DEOPT UNPACKING pc=0x00000194cba8964e sp=0x00000052031f7208 mode 0
Event: 0.637 Thread 0x00000194c329c000 DEOPT PACKING pc=0x00000194cc057fcc sp=0x00000052031f7d40
Event: 0.637 Thread 0x00000194c329c000 DEOPT UNPACKING pc=0x00000194cba8964e sp=0x00000052031f7208 mode 0
Event: 0.637 Thread 0x00000194c329c000 DEOPT PACKING pc=0x00000194cc057fcc sp=0x00000052031f7d40
Event: 0.637 Thread 0x00000194c329c000 DEOPT UNPACKING pc=0x00000194cba8964e sp=0x00000052031f7208 mode 0
Event: 0.638 Thread 0x00000194c329c000 DEOPT PACKING pc=0x00000194cc057fcc sp=0x00000052031f7d40
Event: 0.638 Thread 0x00000194c329c000 DEOPT UNPACKING pc=0x00000194cba8964e sp=0x00000052031f7208 mode 0
Event: 0.639 Thread 0x00000194c329c000 DEOPT PACKING pc=0x00000194cc058201 sp=0x00000052031f7d40
Event: 0.639 Thread 0x00000194c329c000 DEOPT UNPACKING pc=0x00000194cba8964e sp=0x00000052031f7208 mode 0

Classes unloaded (0 events):
No events

Classes redefined (6 events):
Event: 972.229 Thread 0x00000194e1a6b800 redefined class name=interviewMinimumarray, count=1
Event: 5167.982 Thread 0x00000194e1a6b800 redefined class name=interviewMinimumarray, count=2
Event: 7112.046 Thread 0x00000194e1a6b800 redefined class name=interviewMinimumarray, count=3
Event: 7679.396 Thread 0x00000194e1a6b800 redefined class name=interviewMinimumarray, count=4
Event: 7723.223 Thread 0x00000194e1a6b800 redefined class name=interviewMinimumarray, count=5
Event: 7796.761 Thread 0x00000194e1a6b800 redefined class name=interviewMinimumarray, count=6

Internal exceptions (1 events):
Event: 7816.480 Thread 0x00000194e2519800 Exception <a 'java/lang/LinkageError'{0x0000000089295f50}> (0x0000000089295f50) 
thrown [./open/src/hotspot/share/oops/generateOopMap.cpp, line 2140]

Events (20 events):
Event: 7815.025 Executing VM operation: GetCurrentContendedMonitor
Event: 7815.025 Executing VM operation: GetCurrentContendedMonitor done
Event: 7815.025 Executing VM operation: GetOwnedMonitorInfo
Event: 7815.025 Executing VM operation: GetOwnedMonitorInfo done
Event: 7815.372 Executing VM operation: GetCurrentContendedMonitor
Event: 7815.372 Executing VM operation: GetCurrentContendedMonitor done
Event: 7815.372 Executing VM operation: GetOwnedMonitorInfo
Event: 7815.372 Executing VM operation: GetOwnedMonitorInfo done
Event: 7816.343 Executing VM operation: GetFrameCount
Event: 7816.343 Executing VM operation: GetFrameCount done
Event: 7816.344 Executing VM operation: GetOwnedMonitorInfo
Event: 7816.344 Executing VM operation: GetOwnedMonitorInfo done
Event: 7816.344 Executing VM operation: GetCurrentContendedMonitor
Event: 7816.344 Executing VM operation: GetCurrentContendedMonitor done
Event: 7816.460 Executing VM operation: GetFrameCount
Event: 7816.460 Executing VM operation: GetFrameCount done
Event: 7816.460 Executing VM operation: GetOwnedMonitorInfo
Event: 7816.461 Executing VM operation: GetOwnedMonitorInfo done
Event: 7816.461 Executing VM operation: GetCurrentContendedMonitor
Event: 7816.461 Executing VM operation: GetCurrentContendedMonitor done


Dynamic libraries:
0x00007ff691f70000 - 0x00007ff691f7f000 	C:\Program Files\Java\jdk-14.0.1\bin\javaw.exe
0x00007ffe278a0000 - 0x00007ffe27a90000 	C:\WINDOWS\SYSTEM32\ntdll.dll
0x00007ffe26ec0000 - 0x00007ffe26f72000 	C:\WINDOWS\System32\KERNEL32.DLL
0x00007ffe253a0000 - 0x00007ffe25644000 	C:\WINDOWS\System32\KERNELBASE.dll
0x00007ffe24830000 - 0x00007ffe2492a000 	C:\WINDOWS\System32\ucrtbase.dll
0x00007ffe22e80000 - 0x00007ffe22e98000 	C:\Program Files\Java\jdk-14.0.1\bin\jli.dll
0x00007ffe27120000 - 0x00007ffe271c3000 	C:\WINDOWS\System32\ADVAPI32.dll
0x00007ffe259b0000 - 0x00007ffe25a4e000 	C:\WINDOWS\System32\msvcrt.dll
0x00007ffe27540000 - 0x00007ffe275d7000 	C:\WINDOWS\System32\sechost.dll
0x00007ffe265c0000 - 0x00007ffe266e0000 	C:\WINDOWS\System32\RPCRT4.dll
0x00007ffe26f80000 - 0x00007ffe27114000 	C:\WINDOWS\System32\USER32.dll
0x00007ffe25920000 - 0x00007ffe25941000 	C:\WINDOWS\System32\win32u.dll
0x00007ffe27250000 - 0x00007ffe27276000 	C:\WINDOWS\System32\GDI32.dll
0x00007ffe25110000 - 0x00007ffe252a5000 	C:\WINDOWS\System32\gdi32full.dll
0x00007ffe252b0000 - 0x00007ffe2534e000 	C:\WINDOWS\System32\msvcp_win.dll
0x00007ffe21fe0000 - 0x00007ffe21ff5000 	C:\Program Files\Java\jdk-14.0.1\bin\VCRUNTIME140.dll
0x00007ffe090f0000 - 0x00007ffe09374000 	C:\WINDOWS\WinSxS\amd64_microsoft.windows.common-controls_6595b64144ccf1df_6.0.18362.900_none_e6beb9d913147d17\COMCTL32.dll
0x00007ffe26b70000 - 0x00007ffe26ea5000 	C:\WINDOWS\System32\combase.dll
0x00007ffe25650000 - 0x00007ffe256d0000 	C:\WINDOWS\System32\bcryptPrimitives.dll
0x00007ffe238c0000 - 0x00007ffe238ca000 	C:\WINDOWS\SYSTEM32\VERSION.dll
0x00007ffe26ac0000 - 0x00007ffe26aee000 	C:\WINDOWS\System32\IMM32.DLL
0x00007ffdfd430000 - 0x00007ffdfd4cb000 	C:\Program Files\Java\jdk-14.0.1\bin\msvcp140.dll
0x00007ffdba1d0000 - 0x00007ffdbacee000 	C:\Program Files\Java\jdk-14.0.1\bin\server\jvm.dll
0x00007ffe26eb0000 - 0x00007ffe26eb8000 	C:\WINDOWS\System32\PSAPI.DLL
0x00007ffe0ae90000 - 0x00007ffe0aeb4000 	C:\WINDOWS\SYSTEM32\WINMM.dll
0x00007ffe22870000 - 0x00007ffe22879000 	C:\WINDOWS\SYSTEM32\WSOCK32.dll
0x00007ffe26a50000 - 0x00007ffe26abf000 	C:\WINDOWS\System32\WS2_32.dll
0x00007ffe0ae60000 - 0x00007ffe0ae8d000 	C:\WINDOWS\SYSTEM32\winmmbase.dll
0x00007ffe25350000 - 0x00007ffe2539a000 	C:\WINDOWS\System32\cfgmgr32.dll
0x00007ffe24770000 - 0x00007ffe24781000 	C:\WINDOWS\System32\kernel.appcore.dll
0x00007ffe21e60000 - 0x00007ffe21e6a000 	C:\Program Files\Java\jdk-14.0.1\bin\jimage.dll
0x00007ffe22f40000 - 0x00007ffe23134000 	C:\WINDOWS\SYSTEM32\DBGHELP.DLL
0x00007ffe1b460000 - 0x00007ffe1b48a000 	C:\WINDOWS\SYSTEM32\dbgcore.DLL
0x00007ffe0b780000 - 0x00007ffe0b7b8000 	C:\Program Files\Java\jdk-14.0.1\bin\jdwp.dll
0x00007ffe0db20000 - 0x00007ffe0db45000 	C:\Program Files\Java\jdk-14.0.1\bin\java.dll
0x00007ffe23140000 - 0x00007ffe2314e000 	C:\Program Files\Java\jdk-14.0.1\bin\instrument.dll
0x00007ffe196a0000 - 0x00007ffe196b6000 	C:\Program Files\Java\jdk-14.0.1\bin\zip.dll
0x00007ffe25a60000 - 0x00007ffe26146000 	C:\WINDOWS\System32\SHELL32.dll
0x00007ffe27410000 - 0x00007ffe274b9000 	C:\WINDOWS\System32\shcore.dll
0x00007ffe24990000 - 0x00007ffe25110000 	C:\WINDOWS\System32\windows.storage.dll
0x00007ffe24790000 - 0x00007ffe247b3000 	C:\WINDOWS\System32\profapi.dll
0x00007ffe247e0000 - 0x00007ffe2482a000 	C:\WINDOWS\System32\powrprof.dll
0x00007ffe24760000 - 0x00007ffe24770000 	C:\WINDOWS\System32\UMPDC.dll
0x00007ffe266e0000 - 0x00007ffe26732000 	C:\WINDOWS\System32\shlwapi.dll
0x00007ffe256d0000 - 0x00007ffe256e7000 	C:\WINDOWS\System32\cryptsp.dll
0x00007ffe22e70000 - 0x00007ffe22e7b000 	C:\Program Files\Java\jdk-14.0.1\bin\dt_socket.dll
0x00007ffe23c80000 - 0x00007ffe23cba000 	C:\WINDOWS\SYSTEM32\IPHLPAPI.DLL
0x00007ffe23fd0000 - 0x00007ffe24037000 	C:\WINDOWS\system32\mswsock.dll
0x00007ffe23d20000 - 0x00007ffe23deb000 	C:\WINDOWS\SYSTEM32\DNSAPI.dll
0x00007ffe27280000 - 0x00007ffe27288000 	C:\WINDOWS\System32\NSI.dll
0x00007ffe15870000 - 0x00007ffe1587a000 	C:\Windows\System32\rasadhlp.dll
0x00007ffe161e0000 - 0x00007ffe16257000 	C:\WINDOWS\System32\fwpuclnt.dll
0x00007ffe258f0000 - 0x00007ffe25916000 	C:\WINDOWS\System32\bcrypt.dll
0x00007ffe0dc90000 - 0x00007ffe0dca9000 	C:\Program Files\Java\jdk-14.0.1\bin\net.dll
0x00007ffe1a7b0000 - 0x00007ffe1a8a0000 	C:\WINDOWS\SYSTEM32\WINHTTP.dll
0x00007ffe0b730000 - 0x00007ffe0b742000 	C:\Program Files\Java\jdk-14.0.1\bin\nio.dll
0x00007ffe1f2c0000 - 0x00007ffe1f2d0000 	C:\Program Files\Java\jdk-14.0.1\bin\verify.dll

dbghelp: loaded successfully - version: 4.0.5 - missing functions: none
symbol engine: initialized successfully - sym options: 0x614 - pdb path: .;C:\Program Files\Java\jdk-14.0.1\bin;C:\WINDOWS\SYSTEM32;C:\WINDOWS\WinSxS\amd64_microsoft.windows.common-controls_6595b64144ccf1df_6.0.18362.900_none_e6beb9d913147d17;C:\Program Files\Java\jdk-14.0.1\bin\server

VM Arguments:
jvm_args: -agentlib:jdwp=transport=dt_socket,suspend=y,address=localhost:63420 -javaagent:C:\Users\sadguna\.eclipse\org.eclipse.platform_4.16.0_1709980481_win32_win32_x86_64\configuration\org.eclipse.osgi\222\0\.cp\lib\javaagent-shaded.jar -Dfile.encoding=Cp1252 
java_command: interviewMinimumarray
java_class_path (initial): C:\Users\sadguna\eclipse-workspace\Atomation\bin
Launcher Type: SUN_STANDARD

[Global flags]
     intx CICompilerCount                          = 3                                         {product} {ergonomic}
     uint ConcGCThreads                            = 1                                         {product} {ergonomic}
     uint G1ConcRefinementThreads                  = 4                                         {product} {ergonomic}
   size_t G1HeapRegionSize                         = 1048576                                   {product} {ergonomic}
    uintx GCDrainStackTargetSize                   = 64                                        {product} {ergonomic}
   size_t InitialHeapSize                          = 134217728                                 {product} {ergonomic}
   size_t MarkStackSize                            = 4194304                                   {product} {ergonomic}
   size_t MaxHeapSize                              = 2126512128                                {product} {ergonomic}
   size_t MaxNewSize                               = 1275068416                                {product} {ergonomic}
   size_t MinHeapDeltaBytes                        = 1048576                                   {product} {ergonomic}
   size_t MinHeapSize                              = 8388608                                   {product} {ergonomic}
    uintx NonNMethodCodeHeapSize                   = 5832780                                {pd product} {ergonomic}
    uintx NonProfiledCodeHeapSize                  = 122912730                              {pd product} {ergonomic}
    uintx ProfiledCodeHeapSize                     = 122912730                              {pd product} {ergonomic}
    uintx ReservedCodeCacheSize                    = 251658240                              {pd product} {ergonomic}
     bool SegmentedCodeCache                       = true                                      {product} {ergonomic}
   size_t SoftMaxHeapSize                          = 2126512128                             {manageable} {ergonomic}
     bool UseCompressedClassPointers               = true                                 {lp64_product} {ergonomic}
     bool UseCompressedOops                        = true                                 {lp64_product} {ergonomic}
     bool UseG1GC                                  = true                                      {product} {ergonomic}
     bool UseLargePagesIndividualAllocation        = false                                  {pd product} {ergonomic}

Logging:
Log output configuration:
 #0: stdout all=warning uptime,level,tags
 #1: stderr all=off uptime,level,tags

Environment Variables:
JAVA_HOME=C:\Program Files\Java\jdk-14.0.1
PATH=C:/Program Files/Java/jdk-14.0.1/bin/server;C:/Program Files/Java/jdk-14.0.1/bin;C:\WINDOWS\system32;C:\WINDOWS;C:\WINDOWS\System32\Wbem;C:\WINDOWS\System32\WindowsPowerShell\v1.0\;C:\WINDOWS\System32\OpenSSH\;C:\Program Files\Java\jdk-14.0.1\bin;C:\Program Files\apache-maven-3.6.3\bin;C:\Users\sadguna\AppData\Local\Microsoft\WindowsApps;;C:\Program Files\eclipse;
USERNAME=sadguna
OS=Windows_NT
PROCESSOR_IDENTIFIER=Intel64 Family 6 Model 142 Stepping 9, GenuineIntel



---------------  S Y S T E M  ---------------

OS: Windows 10 , 64 bit Build 18362 (10.0.18362.900)
OS uptime: 2 days 18:46 hours

CPU:total 4 (initial active 4) (2 cores per cpu, 2 threads per core) family 6 model 142 stepping 9, cmov, cx8, fxsr, mmx, sse, sse2, sse3, ssse3, sse4.1, sse4.2, popcnt, avx, avx2, aes, clmul, erms, 3dnowpref, lzcnt, ht, tsc, tscinvbit, bmi1, bmi2, adx, fma

Memory: 4k page, system-wide physical 8107M (2390M free)
TotalPageFile size 12072M (AvailPageFile size 4144M)
current process WorkingSet (physical memory assigned to process): 31M, peak: 42M
current process commit charge ("private bytes"): 208M, peak: 209M

vm_info: Java HotSpot(TM) 64-Bit Server VM (14.0.1+7) for windows-amd64 JRE (14.0.1+7), built on Mar  5 2020 10:30:14 by "mach5one" with MS VC++ 15.9 (VS2017)

END.
